Using pre-set license
Built from '2020.3/staging' branch; Version is '2020.3.26f1 (7298b473bc1a) revision 7510196'; Using compiler version '192528614'; Build Type 'Release'
OS: 'Windows 10  (10.0.19043) 64bit Professional' Language: 'en' Physical Memory: 16291 MB
BatchMode: 1, IsHumanControllingUs: 0, StartBugReporterOnCrash: 0, Is64bit: 1, IsPro: 0

COMMAND LINE ARGUMENTS:
C:\Program Files\Unity\Hub\Editor\2020.3.26f1\Editor\Unity.exe
-adb2
-batchMode
-noUpm
-name
AssetImportWorker0
-projectPath
C:/Users/jhlee/OneDrive/Desktop/Escape mania
-logFile
Logs/AssetImportWorker0.log
-srvPort
53295
Successfully changed project path to: C:/Users/jhlee/OneDrive/Desktop/Escape mania
C:/Users/jhlee/OneDrive/Desktop/Escape mania
Using Asset Import Pipeline V2.
Refreshing native plugins compatible for Editor in 40.72 ms, found 3 plugins.
Preloading 0 native plugins for Editor in 0.00 ms.
Initialize engine version: 2020.3.26f1 (7298b473bc1a)
[Subsystems] Discovering subsystems at path C:/Program Files/Unity/Hub/Editor/2020.3.26f1/Editor/Data/Resources/UnitySubsystems
[Subsystems] Discovering subsystems at path C:/Users/jhlee/OneDrive/Desktop/Escape mania/Assets
GfxDevice: creating device client; threaded=0
Direct3D:
    Version:  Direct3D 11.0 [level 11.1]
    Renderer: NVIDIA GeForce GTX 1660 Ti (ID=0x2182)
    Vendor:   
    VRAM:     5991 MB
    Driver:   30.0.15.1215
Initialize mono
Mono path[0] = 'C:/Program Files/Unity/Hub/Editor/2020.3.26f1/Editor/Data/Managed'
Mono path[1] = 'C:/Program Files/Unity/Hub/Editor/2020.3.26f1/Editor/Data/MonoBleedingEdge/lib/mono/unityjit'
Mono config path = 'C:/Program Files/Unity/Hub/Editor/2020.3.26f1/Editor/Data/MonoBleedingEdge/etc'
Using monoOptions --debugger-agent=transport=dt_socket,embedding=1,server=y,suspend=n,address=127.0.0.1:56644
Begin MonoManager ReloadAssembly
Registering precompiled unity dll's ...
Register platform support module: C:/Program Files/Unity/Hub/Editor/2020.3.26f1/Editor/Data/PlaybackEngines/WindowsStandaloneSupport/UnityEditor.WindowsStandalone.Extensions.dll
Registered in 0.002033 seconds.
Native extension for WindowsStandalone target not found
Refreshing native plugins compatible for Editor in 41.50 ms, found 3 plugins.
Preloading 0 native plugins for Editor in 0.00 ms.
Mono: successfully reloaded assembly
- Completed reload, in  0.512 seconds
Domain Reload Profiling:
	ReloadAssembly (513ms)
		BeginReloadAssembly (53ms)
			ExecutionOrderSort (0ms)
			DisableScriptedObjects (0ms)
			BackupInstance (0ms)
			ReleaseScriptingObjects (0ms)
			CreateAndSetChildDomain (1ms)
		EndReloadAssembly (394ms)
			LoadAssemblies (51ms)
			RebuildTransferFunctionScriptingTraits (0ms)
			SetupTypeCache (124ms)
			ReleaseScriptCaches (0ms)
			RebuildScriptCaches (27ms)
			SetupLoadedEditorAssemblies (155ms)
				LogAssemblyErrors (0ms)
				InitializePlatformSupportModulesInManaged (4ms)
				SetLoadedEditorAssemblies (0ms)
				RefreshPlugins (42ms)
				BeforeProcessingInitializeOnLoad (11ms)
				ProcessInitializeOnLoadAttributes (74ms)
				ProcessInitializeOnLoadMethodAttributes (24ms)
				AfterProcessingInitializeOnLoad (0ms)
				EditorAssembliesLoaded (0ms)
			ExecutionOrderSort2 (0ms)
			AwakeInstancesAfterBackupRestoration (0ms)
Platform modules already initialized, skipping
Registering precompiled user dll's ...
Registered in 0.005772 seconds.
Begin MonoManager ReloadAssembly
Native extension for WindowsStandalone target not found
Refreshing native plugins compatible for Editor in 40.19 ms, found 3 plugins.
Preloading 0 native plugins for Editor in 0.00 ms.
Mono: successfully reloaded assembly
- Completed reload, in  0.984 seconds
Domain Reload Profiling:
	ReloadAssembly (985ms)
		BeginReloadAssembly (127ms)
			ExecutionOrderSort (0ms)
			DisableScriptedObjects (4ms)
			BackupInstance (0ms)
			ReleaseScriptingObjects (0ms)
			CreateAndSetChildDomain (15ms)
		EndReloadAssembly (802ms)
			LoadAssemblies (88ms)
			RebuildTransferFunctionScriptingTraits (0ms)
			SetupTypeCache (253ms)
			ReleaseScriptCaches (0ms)
			RebuildScriptCaches (40ms)
			SetupLoadedEditorAssemblies (323ms)
				LogAssemblyErrors (0ms)
				InitializePlatformSupportModulesInManaged (3ms)
				SetLoadedEditorAssemblies (0ms)
				RefreshPlugins (40ms)
				BeforeProcessingInitializeOnLoad (77ms)
				ProcessInitializeOnLoadAttributes (181ms)
				ProcessInitializeOnLoadMethodAttributes (15ms)
				AfterProcessingInitializeOnLoad (7ms)
				EditorAssembliesLoaded (0ms)
			ExecutionOrderSort2 (0ms)
			AwakeInstancesAfterBackupRestoration (5ms)
Platform modules already initialized, skipping
========================================================================
Worker process is ready to serve import requests
Launched and connected shader compiler UnityShaderCompiler.exe after 0.90 seconds
Refreshing native plugins compatible for Editor in 0.76 ms, found 3 plugins.
Preloading 0 native plugins for Editor in 0.00 ms.
Unloading 2197 Unused Serialized files (Serialized files now loaded: 0)
System memory in use before: 95.8 MB.
System memory in use after: 95.9 MB.

Unloading 28 unused Assets to reduce memory usage. Loaded Objects now: 2630.
Total: 3.142800 ms (FindLiveObjects: 0.219500 ms CreateObjectMapping: 0.059900 ms MarkObjects: 2.768600 ms  DeleteObjects: 0.093700 ms)

AssetImportParameters requested are different than current active one (requested -> active):
  custom:framework-win-MediaFoundation: 216162199b28c13a410421893ffa2e32 -> 
  custom:video-decoder-ogg-theora: a1e56fd34408186e4bbccfd4996cb3dc -> 
  custom:container-muxer-webm: aa71ff27fc2769a1b78a27578f13a17b -> 
  custom:container-demuxer-webm: 4f35f7cbe854078d1ac9338744f61a02 -> 
  custom:container-demuxer-ogg: 62fdf1f143b41e24485cea50d1cbac27 -> 
  custom:video-encoder-webm-vp8: eb34c28f22e8b96e1ab97ce403110664 -> 
  custom:video-decoder-webm-vp8: 9c59270c3fd7afecdb556c50c9e8de78 -> 
  custom:audio-decoder-ogg-vorbis: bf7c407c2cedff20999df2af8eb42d56 -> 
  custom:audio-encoder-webm-vorbis: bf7c407c2cedff20999df2af8eb42d56 -> 
========================================================================
Received Import Request.
  path: Assets/2d art/main menu.svg
  artifactKey: Guid(3a3474bfbf1a1a34b862fa8b84063578) Importer(815301076,1909f56bfc062723c751e8b465ee728b)
Start importing Assets/2d art/main menu.svg using Guid(3a3474bfbf1a1a34b862fa8b84063578) Importer(815301076,1909f56bfc062723c751e8b465ee728b)  -> (artifact id: '5a28a16d80a09f7253c04b990be2f7f1') in 0.029830 seconds 
  Import took 0.033940 seconds .

========================================================================
Received Import Request.
  Time since last request: 0.000208 seconds.
  path: Assets/2d art
  artifactKey: Guid(6fe0932de6b9ee846817f9f8b6d3122a) Importer(815301076,1909f56bfc062723c751e8b465ee728b)
Start importing Assets/2d art using Guid(6fe0932de6b9ee846817f9f8b6d3122a) Importer(815301076,1909f56bfc062723c751e8b465ee728b)  -> (artifact id: '4f19f6924fd8cfa090c7ed9d54e3b05e') in 0.002297 seconds 
  Import took 0.005608 seconds .

========================================================================
Received Import Request.
  Time since last request: 170.659076 seconds.
  path: Assets/2d art/main menu.png
  artifactKey: Guid(7d49018ebf9f04345846bb2ff654fe88) Importer(815301076,1909f56bfc062723c751e8b465ee728b)
Start importing Assets/2d art/main menu.png using Guid(7d49018ebf9f04345846bb2ff654fe88) Importer(815301076,1909f56bfc062723c751e8b465ee728b)  -> (artifact id: 'ddfb76a2c2804455eea73636d4d2e382') in 0.092871 seconds 
  Import took 0.096717 seconds .

========================================================================
Received Import Request.
  Time since last request: 12.184803 seconds.
  path: Assets/2d art/New Material.mat
  artifactKey: Guid(44cd5bbc01f538140a7879c3242b2889) Importer(815301076,1909f56bfc062723c751e8b465ee728b)
Start importing Assets/2d art/New Material.mat using Guid(44cd5bbc01f538140a7879c3242b2889) Importer(815301076,1909f56bfc062723c751e8b465ee728b)  -> (artifact id: '153292799ac00f28141e747a6eb8a9fc') in 0.047122 seconds 
  Import took 0.050481 seconds .

========================================================================
Received Import Request.
  Time since last request: 168.422525 seconds.
  path: Assets/2d art/main menu.png
  artifactKey: Guid(7d49018ebf9f04345846bb2ff654fe88) Importer(815301076,1909f56bfc062723c751e8b465ee728b)
Start importing Assets/2d art/main menu.png using Guid(7d49018ebf9f04345846bb2ff654fe88) Importer(815301076,1909f56bfc062723c751e8b465ee728b)  -> (artifact id: '7661841172a7d7f7c95290b5a2080384') in 0.012519 seconds 
  Import took 0.016494 seconds .

========================================================================
Received Import Request.
  Time since last request: 50.499051 seconds.
  path: Assets/Scenes
  artifactKey: Guid(da4fd8c65672e1e43bc55c7292e17c8e) Importer(815301076,1909f56bfc062723c751e8b465ee728b)
Start importing Assets/Scenes using Guid(da4fd8c65672e1e43bc55c7292e17c8e) Importer(815301076,1909f56bfc062723c751e8b465ee728b)  -> (artifact id: '34cf3de36e2737a259605ae9d72b8985') in 0.002303 seconds 
  Import took 0.006867 seconds .

========================================================================
Received Import Request.
  Time since last request: 0.754044 seconds.
  path: Assets/Scenes/SampleScene.unity
  artifactKey: Guid(2cda990e2423bbf4892e6590ba056729) Importer(815301076,1909f56bfc062723c751e8b465ee728b)
Start importing Assets/Scenes/SampleScene.unity using Guid(2cda990e2423bbf4892e6590ba056729) Importer(815301076,1909f56bfc062723c751e8b465ee728b)  -> (artifact id: 'aa27944bdea339c97c39027c7eea529c') in 0.004392 seconds 
  Import took 0.007834 seconds .

========================================================================
Received Import Request.
  Time since last request: 7.958817 seconds.
  path: Assets/Scenes/Main menu.unity
  artifactKey: Guid(2cda990e2423bbf4892e6590ba056729) Importer(815301076,1909f56bfc062723c751e8b465ee728b)
Start importing Assets/Scenes/Main menu.unity using Guid(2cda990e2423bbf4892e6590ba056729) Importer(815301076,1909f56bfc062723c751e8b465ee728b)  -> (artifact id: '35d337d836fd5563b1455bdd18f7a4e1') in 0.002698 seconds 
  Import took 0.007912 seconds .

========================================================================
Received Import Request.
  Time since last request: 85.899973 seconds.
  path: Assets/Scenes/Mainroom.unity
  artifactKey: Guid(c37bb294dcb046d4783869c0add56bd3) Importer(815301076,1909f56bfc062723c751e8b465ee728b)
Start importing Assets/Scenes/Mainroom.unity using Guid(c37bb294dcb046d4783869c0add56bd3) Importer(815301076,1909f56bfc062723c751e8b465ee728b)  -> (artifact id: 'af67538f962bd599e6ed75d9f78f422b') in 0.002538 seconds 
  Import took 0.005613 seconds .

========================================================================
Received Import Request.
  Time since last request: 21.039359 seconds.
  path: Assets/Scenes/Bookroom.unity
  artifactKey: Guid(e486d2fc42b573e45b6c89a567e26d05) Importer(815301076,1909f56bfc062723c751e8b465ee728b)
Start importing Assets/Scenes/Bookroom.unity using Guid(e486d2fc42b573e45b6c89a567e26d05) Importer(815301076,1909f56bfc062723c751e8b465ee728b)  -> (artifact id: '61a4e4c3958d376faf9e032862532439') in 0.002538 seconds 
  Import took 0.005924 seconds .

========================================================================
Received Import Request.
  Time since last request: 23.154146 seconds.
  path: Assets/Scenes/New Scene.unity
  artifactKey: Guid(9822106308f5d0d4dae00c157e8d2fb9) Importer(815301076,1909f56bfc062723c751e8b465ee728b)
Start importing Assets/Scenes/New Scene.unity using Guid(9822106308f5d0d4dae00c157e8d2fb9) Importer(815301076,1909f56bfc062723c751e8b465ee728b)  -> (artifact id: 'c591fa6a4c006de6e5d5179ddf021d53') in 0.003417 seconds 
  Import took 0.007065 seconds .

========================================================================
Received Import Request.
  Time since last request: 11.356111 seconds.
  path: Assets/Scenes/Bedroom.unity
  artifactKey: Guid(9822106308f5d0d4dae00c157e8d2fb9) Importer(815301076,1909f56bfc062723c751e8b465ee728b)
Start importing Assets/Scenes/Bedroom.unity using Guid(9822106308f5d0d4dae00c157e8d2fb9) Importer(815301076,1909f56bfc062723c751e8b465ee728b)  -> (artifact id: 'e51cd2c80c397036fa2887b748cb47c9') in 0.002392 seconds 
  Import took 0.005415 seconds .

========================================================================
Received Import Request.
  Time since last request: 19.348687 seconds.
  path: Assets/Scenes/Door.unity
  artifactKey: Guid(2535ed3b69f9ac145a9a236277228528) Importer(815301076,1909f56bfc062723c751e8b465ee728b)
Start importing Assets/Scenes/Door.unity using Guid(2535ed3b69f9ac145a9a236277228528) Importer(815301076,1909f56bfc062723c751e8b465ee728b)  -> (artifact id: '5aba25cdcbf59e683448f5a7ee3fffe7') in 0.002532 seconds 
  Import took 0.007932 seconds .

========================================================================
Received Import Request.
  Time since last request: 9.667995 seconds.
  path: Assets/Scenes/End.unity
  artifactKey: Guid(1d3fc368a7cdaec4aa5ad0f5bf6ff7b9) Importer(815301076,1909f56bfc062723c751e8b465ee728b)
Start importing Assets/Scenes/End.unity using Guid(1d3fc368a7cdaec4aa5ad0f5bf6ff7b9) Importer(815301076,1909f56bfc062723c751e8b465ee728b)  -> (artifact id: '0aee5438bd0ae39c698fece3e45bd0f9') in 0.002961 seconds 
  Import took 0.006180 seconds .

========================================================================
Received Import Request.
  Time since last request: 64.304867 seconds.
  path: Assets/Scenes/Main menu.unity
  artifactKey: Guid(2cda990e2423bbf4892e6590ba056729) Importer(815301076,1909f56bfc062723c751e8b465ee728b)
Start importing Assets/Scenes/Main menu.unity using Guid(2cda990e2423bbf4892e6590ba056729) Importer(815301076,1909f56bfc062723c751e8b465ee728b)  -> (artifact id: 'dac3a2610e11a55b206a1b4ae75aed31') in 0.002440 seconds 
  Import took 0.007034 seconds .

========================================================================
Received Prepare
Registering precompiled user dll's ...
Registered in 0.005208 seconds.
Begin MonoManager ReloadAssembly
Native extension for WindowsStandalone target not found
Refreshing native plugins compatible for Editor in 0.47 ms, found 3 plugins.
Preloading 0 native plugins for Editor in 0.00 ms.
Mono: successfully reloaded assembly
- Completed reload, in  0.854 seconds
Domain Reload Profiling:
	ReloadAssembly (854ms)
		BeginReloadAssembly (112ms)
			ExecutionOrderSort (0ms)
			DisableScriptedObjects (4ms)
			BackupInstance (0ms)
			ReleaseScriptingObjects (0ms)
			CreateAndSetChildDomain (28ms)
		EndReloadAssembly (687ms)
			LoadAssemblies (84ms)
			RebuildTransferFunctionScriptingTraits (0ms)
			SetupTypeCache (242ms)
			ReleaseScriptCaches (1ms)
			RebuildScriptCaches (35ms)
			SetupLoadedEditorAssemblies (249ms)
				LogAssemblyErrors (0ms)
				InitializePlatformSupportModulesInManaged (4ms)
				SetLoadedEditorAssemblies (0ms)
				RefreshPlugins (1ms)
				BeforeProcessingInitializeOnLoad (79ms)
				ProcessInitializeOnLoadAttributes (150ms)
				ProcessInitializeOnLoadMethodAttributes (9ms)
				AfterProcessingInitializeOnLoad (6ms)
				EditorAssembliesLoaded (0ms)
			ExecutionOrderSort2 (0ms)
			AwakeInstancesAfterBackupRestoration (7ms)
Platform modules already initialized, skipping
Refreshing native plugins compatible for Editor in 0.43 ms, found 3 plugins.
Preloading 0 native plugins for Editor in 0.00 ms.
Unloading 2186 Unused Serialized files (Serialized files now loaded: 0)
System memory in use before: 98.5 MB.
System memory in use after: 98.6 MB.

Unloading 17 unused Assets to reduce memory usage. Loaded Objects now: 2675.
Total: 2.709100 ms (FindLiveObjects: 0.161500 ms CreateObjectMapping: 0.059300 ms MarkObjects: 2.472000 ms  DeleteObjects: 0.015100 ms)

AssetImportParameters requested are different than current active one (requested -> active):
  custom:framework-win-MediaFoundation: 216162199b28c13a410421893ffa2e32 -> 
  custom:video-decoder-ogg-theora: a1e56fd34408186e4bbccfd4996cb3dc -> 
  custom:container-muxer-webm: aa71ff27fc2769a1b78a27578f13a17b -> 
  custom:container-demuxer-webm: 4f35f7cbe854078d1ac9338744f61a02 -> 
  custom:container-demuxer-ogg: 62fdf1f143b41e24485cea50d1cbac27 -> 
  custom:video-encoder-webm-vp8: eb34c28f22e8b96e1ab97ce403110664 -> 
  custom:video-decoder-webm-vp8: 9c59270c3fd7afecdb556c50c9e8de78 -> 
  custom:audio-decoder-ogg-vorbis: bf7c407c2cedff20999df2af8eb42d56 -> 
  custom:audio-encoder-webm-vorbis: bf7c407c2cedff20999df2af8eb42d56 -> 
========================================================================
Received Import Request.
  Time since last request: 293.122762 seconds.
  path: Assets/scripts
  artifactKey: Guid(4675a39f3e7bd9e498bc76b8af85bdc7) Importer(815301076,1909f56bfc062723c751e8b465ee728b)
Start importing Assets/scripts using Guid(4675a39f3e7bd9e498bc76b8af85bdc7) Importer(815301076,1909f56bfc062723c751e8b465ee728b)  -> (artifact id: 'c93f84400f1499f837f261147af6ca9f') in 0.005951 seconds 
  Import took 0.010843 seconds .

========================================================================
Received Import Request.
  Time since last request: 70.926888 seconds.
  path: Assets/2d art/closed door.png
  artifactKey: Guid(0861a65c3db69604ab952cc347f981df) Importer(815301076,1909f56bfc062723c751e8b465ee728b)
Start importing Assets/2d art/closed door.png using Guid(0861a65c3db69604ab952cc347f981df) Importer(815301076,1909f56bfc062723c751e8b465ee728b)  -> (artifact id: '5b05e57838716b77f72ce87abee23c76') in 0.046922 seconds 
  Import took 0.049975 seconds .

========================================================================
Received Import Request.
  Time since last request: 399.759560 seconds.
  path: Assets/2d art/opened door.png
  artifactKey: Guid(58fce56802809334db926b450418436f) Importer(815301076,1909f56bfc062723c751e8b465ee728b)
Start importing Assets/2d art/opened door.png using Guid(58fce56802809334db926b450418436f) Importer(815301076,1909f56bfc062723c751e8b465ee728b)  -> (artifact id: '4f9c34543fdf923c49be1dd34c8aa71e') in 0.013306 seconds 
  Import took 0.016643 seconds .

========================================================================
Received Import Request.
  Time since last request: 75.346990 seconds.
  path: Assets/2d art/background.png
  artifactKey: Guid(f121983a327f9744890482543433a09e) Importer(815301076,1909f56bfc062723c751e8b465ee728b)
Start importing Assets/2d art/background.png using Guid(f121983a327f9744890482543433a09e) Importer(815301076,1909f56bfc062723c751e8b465ee728b)  -> (artifact id: 'aebed0befdcdcf835472ee9b048748f3') in 0.015039 seconds 
  Import took 0.018111 seconds .

========================================================================
Received Import Request.
  Time since last request: 607.341843 seconds.
  path: Assets/Scenes/End.unity
  artifactKey: Guid(1d3fc368a7cdaec4aa5ad0f5bf6ff7b9) Importer(815301076,1909f56bfc062723c751e8b465ee728b)
Start importing Assets/Scenes/End.unity using Guid(1d3fc368a7cdaec4aa5ad0f5bf6ff7b9) Importer(815301076,1909f56bfc062723c751e8b465ee728b)  -> (artifact id: '755726659625f8908e4655a4d5cee713') in 0.002597 seconds 
  Import took 0.007551 seconds .

========================================================================
Received Import Request.
  Time since last request: 54.149273 seconds.
  path: Assets/Scenes/Door1.unity
  artifactKey: Guid(1d3fc368a7cdaec4aa5ad0f5bf6ff7b9) Importer(815301076,1909f56bfc062723c751e8b465ee728b)
Start importing Assets/Scenes/Door1.unity using Guid(1d3fc368a7cdaec4aa5ad0f5bf6ff7b9) Importer(815301076,1909f56bfc062723c751e8b465ee728b)  -> (artifact id: 'f0598f138b120227a6eeb7845f525b44') in 0.002537 seconds 
  Import took 0.007118 seconds .

========================================================================
Received Import Request.
  Time since last request: 6.705454 seconds.
  path: Assets/Scenes/End.unity
  artifactKey: Guid(2535ed3b69f9ac145a9a236277228528) Importer(815301076,1909f56bfc062723c751e8b465ee728b)
Start importing Assets/Scenes/End.unity using Guid(2535ed3b69f9ac145a9a236277228528) Importer(815301076,1909f56bfc062723c751e8b465ee728b)  -> (artifact id: '34fbe58630b9f7ce9fd2c5fbd365ebbf') in 0.002462 seconds 
  Import took 0.005339 seconds .

========================================================================
Received Import Request.
  Time since last request: 5.525679 seconds.
  path: Assets/Scenes/Door.unity
  artifactKey: Guid(1d3fc368a7cdaec4aa5ad0f5bf6ff7b9) Importer(815301076,1909f56bfc062723c751e8b465ee728b)
Start importing Assets/Scenes/Door.unity using Guid(1d3fc368a7cdaec4aa5ad0f5bf6ff7b9) Importer(815301076,1909f56bfc062723c751e8b465ee728b)  -> (artifact id: '8e2c6cfa653dfbaddb72d00479d300d4') in 0.002647 seconds 
  Import took 0.005557 seconds .

========================================================================
Received Import Request.
  Time since last request: 20.889850 seconds.
  path: Assets/Scenes/Door1.unity
  artifactKey: Guid(2535ed3b69f9ac145a9a236277228528) Importer(815301076,1909f56bfc062723c751e8b465ee728b)
Start importing Assets/Scenes/Door1.unity using Guid(2535ed3b69f9ac145a9a236277228528) Importer(815301076,1909f56bfc062723c751e8b465ee728b)  -> (artifact id: 'aaafa529b509e4bc88468f4a124861f0') in 0.002725 seconds 
  Import took 0.005922 seconds .

AssetImportWorkerClient::OnTransportError - code=2 error=End of file
